<joblist>
  <job>
    <context>
      <options preserveOrder='true'>
        <option name='arg1' value='W' />
        <option name='arg2' value='Z' />
      </options>
    </context>
    <description></description>
    <executionEnabled>true</executionEnabled>
    <id>db338fca-bc09-434c-8ad5-263399088344</id>
    <loglevel>INFO</loglevel>
    <name>test-ps-func-with-args</name>
    <scheduleEnabled>true</scheduleEnabled>
    <sequence keepgoing='false' strategy='node-first'>
      <command>
        <script><![CDATA[rem test git commit

powershell -ExecutionPolicy unrestricted -command "& {Import-Module 'C:\Users\wzhao\project\rundeck\test\func-hello.ps1'; SayHello '%1' '%2'}"]]></script>
        <scriptargs>${option.arg1} ${option.arg2}</scriptargs>
      </command>
    </sequence>
    <uuid>db338fca-bc09-434c-8ad5-263399088344</uuid>
  </job>
</joblist>
