<joblist>
  <job>
    <context>
      <options preserveOrder='true'>
        <option name='changelog' value='bug fixes' />
        <option name='deployer' value='wzhao' />
        <option name='revision' value='2.0-SNAPSHOT' />
      </options>
    </context>
    <description></description>
    <executionEnabled>true</executionEnabled>
    <id>3fb5adc9-12c5-497b-a30a-8fdb3e3bbfe6</id>
    <loglevel>INFO</loglevel>
    <name>test-nr-deployment-post</name>
    <scheduleEnabled>true</scheduleEnabled>
    <sequence keepgoing='false' strategy='node-first'>
      <command>
        <script><![CDATA[
curl -k -x "http://10.76.225.15:80" -X POST "https://api.newrelic.com/v2/applications/18894478/deployments.json" -H "X-Api-Key:2a3992d732e1934c83d1d29db72a46199207ecc7e1c2402" -H "Content-Type:application/json" -d "{\"deployment\":{\"revision\":\"@option.revision@\",\"changelog\":\"@option.changelog@\",\"description\":\"Tracking Deployments in New Relic\",\"user\":\"@option.deployer@\"}}" -i
]]></script>
        <scriptargs />
      </command>
    </sequence>
    <uuid>3fb5adc9-12c5-497b-a30a-8fdb3e3bbfe6</uuid>
  </job>
</joblist>
