<joblist>
  <job>
    <description>testing import</description>
    <executionEnabled>true</executionEnabled>
    <id>a100909a-ae2b-4d4a-be56-3f81e8c6115f</id>
    <loglevel>INFO</loglevel>
    <name> test-nr-deployment-get</name>
    <scheduleEnabled>true</scheduleEnabled>
    <sequence keepgoing='false' strategy='node-first'>
      <command>
        <script><![CDATA[
curl -k -x "https://10.76.225.15:80" -X GET https://api.newrelic.com/v2/applications/18894478/deployments.json -H "X-Api-Key:2a3992d732e1934c83d1d29db72a46199207ecc7e1c2402" -i ]]></script>
        <scriptargs />
      </command>
    </sequence>
    <uuid>a100909a-ae2b-4d4a-be56-3f81e8c6115f</uuid>
  </job>
</joblist>
